<?xml version="1.0" encoding="UTF-8"?>
<!-- Generated by org.testng.reporters.JUnitReportReporter -->
<testsuite hostname="Rama" failures="0" tests="1" name="com.crm.Vtiger.S19.TC_40_SelectMulRecndEdit" time="22.196" errors="0" timestamp="2021-09-04T22:59:13 IST" skipped="0">
  <testcase classname="com.crm.Vtiger.S19.TC_40_SelectMulRecndEdit" name="selectAndEdit" time="22.196"/>
  <system-out/>
</testsuite> <!-- com.crm.Vtiger.S19.TC_40_SelectMulRecndEdit -->
