<?xml version="1.0" encoding="UTF-8"?>
<!-- Generated by org.testng.reporters.JUnitReportReporter -->
<testsuite hostname="Rama" failures="0" tests="1" name="com.crm.Vtiger.S19.TC_36_DiscountAsDirectPriceReduction" time="31.146" errors="0" timestamp="2021-09-05T11:35:06 IST" skipped="0">
  <testcase classname="com.crm.Vtiger.S19.TC_36_DiscountAsDirectPriceReduction" name="selectAndEdit" time="31.146"/>
  <system-out/>
</testsuite> <!-- com.crm.Vtiger.S19.TC_36_DiscountAsDirectPriceReduction -->
