<?xml version="1.0" encoding="UTF-8"?>
<!-- Generated by org.testng.reporters.JUnitReportReporter -->
<testsuite hostname="Rama" failures="0" tests="1" name="com.crm.Vtiger.S19.TC_39_TaxModeAsGroup" time="32.276" errors="0" timestamp="2021-09-05T11:51:11 IST" skipped="0">
  <testcase classname="com.crm.Vtiger.S19.TC_39_TaxModeAsGroup" name="selectAndEdit" time="32.276"/>
  <system-out/>
</testsuite> <!-- com.crm.Vtiger.S19.TC_39_TaxModeAsGroup -->
